Flutter crash report.
Please report a bug at https://github.com/flutter/flutter/issues.

## command

flutter gen-l10n

## exception

FileSystemException: FileSystemException: Failed to decode data using encoding 'utf-8', path = 'E:\Projects\Flutter\misson100\lib/l10n\app_ko.arb'

```
#0      _File._tryDecode (dart:io/file_impl.dart:707:7)
#1      _File.readAsStringSync (dart:io/file_impl.dart:718:7)
#2      ForwardingFile.readAsStringSync (package:file/src/forwarding/forwarding_file.dart:99:16)
#3      ErrorHandlingFile.readAsStringSync.<anonymous closure> (package:flutter_tools/src/base/error_handling_io.dart:212:22)
#4      _runSync (package:flutter_tools/src/base/error_handling_io.dart:549:14)
#5      ErrorHandlingFile.readAsStringSync (package:flutter_tools/src/base/error_handling_io.dart:211:12)
#6      new AppResourceBundle (package:flutter_tools/src/localizations/gen_l10n_types.dart:624:35)
#7      LocalizationsGenerator._templateBundle (package:flutter_tools/src/localizations/gen_l10n.dart:630:50)
#8      LocalizationsGenerator._templateBundle (package:flutter_tools/src/localizations/gen_l10n.dart)
#9      LocalizationsGenerator.loadResources (package:flutter_tools/src/localizations/gen_l10n.dart:1006:37)
#10     generateLocalizations (package:flutter_tools/src/localizations/gen_l10n.dart:79:13)
#11     GenerateLocalizationsCommand.runCommand (package:flutter_tools/src/commands/generate_localizations.dart:277:11)
#12     FlutterCommand.verifyThenRunCommand (package:flutter_tools/src/runner/flutter_command.dart:1897:12)
<asynchronous suspension>
#13     FlutterCommand.run.<anonymous closure> (package:flutter_tools/src/runner/flutter_command.dart:1551:27)
<asynchronous suspension>
#14     AppContext.run.<anonymous closure> (package:flutter_tools/src/base/context.dart:154:19)
<asynchronous suspension>
#15     CommandRunner.runCommand (package:args/command_runner.dart:212:13)
<asynchronous suspension>
#16     FlutterCommandRunner.runCommand.<anonymous closure> (package:flutter_tools/src/runner/flutter_command_runner.dart:494:9)
<asynchronous suspension>
#17     AppContext.run.<anonymous closure> (package:flutter_tools/src/base/context.dart:154:19)
<asynchronous suspension>
#18     FlutterCommandRunner.runCommand (package:flutter_tools/src/runner/flutter_command_runner.dart:431:5)
<asynchronous suspension>
#19     run.<anonymous closure>.<anonymous closure> (package:flutter_tools/runner.dart:98:11)
<asynchronous suspension>
#20     AppContext.run.<anonymous closure> (package:flutter_tools/src/base/context.dart:154:19)
<asynchronous suspension>
#21     main (package:flutter_tools/executable.dart:102:3)
<asynchronous suspension>
```

## flutter doctor

```
[32m[✓][39m Flutter (Channel stable, 3.32.0, on Microsoft Windows [Version 10.0.22631.5335], locale ko-KR) [491ms]
    [32m•[39m Flutter version 3.32.0 on channel stable at C:\flutter
    [32m•[39m Upstream repository https://github.com/flutter/flutter.git
    [32m•[39m Framework revision be698c48a6 (9 days ago), 2025-05-19 12:59:14 -0700
    [32m•[39m Engine revision 1881800949
    [32m•[39m Dart version 3.8.0
    [32m•[39m DevTools version 2.45.1

[32m[✓][39m Windows Version (11 Pro 64비트, 23H2, 2009) [4.2s]

[32m[✓][39m Android toolchain - develop for Android devices (Android SDK version 35.0.1) [3.2s]
    [32m•[39m Android SDK at C:\Users\from_\AppData\Local\Android\Sdk
    [32m•[39m Platform android-35, build-tools 35.0.1
    [32m•[39m Java binary at: C:\Program Files\Android\Android Studio\jbr\bin\java
      This JDK is specified in your Flutter configuration.
      To change the current JDK, run: `flutter config --jdk-dir="path/to/jdk"`.
    [32m•[39m Java version OpenJDK Runtime Environment (build 21.0.6+-13355223-b631.42)
    [32m•[39m All Android licenses accepted.

[32m[✓][39m Chrome - develop for the web [123ms]
    [32m•[39m Chrome at C:\Program Files\Google\Chrome\Application\chrome.exe

[32m[✓][39m Visual Studio - develop Windows apps (Visual Studio Community 2022 17.13.1) [121ms]
    [32m•[39m Visual Studio at C:\Program Files\Microsoft Visual Studio\2022\Community
    [32m•[39m Visual Studio Community 2022 version 17.13.35818.85
    [32m•[39m Windows 10 SDK version 10.0.22621.0

[32m[✓][39m Android Studio (version 2024.3) [15ms]
    [32m•[39m Android Studio at C:\Program Files\Android\Android Studio
    [32m•[39m Flutter plugin can be installed from:
      🔨 https://plugins.jetbrains.com/plugin/9212-flutter
    [32m•[39m Dart plugin can be installed from:
      🔨 https://plugins.jetbrains.com/plugin/6351-dart
    [32m•[39m Java version OpenJDK Runtime Environment (build 21.0.6+-13355223-b631.42)

[32m[✓][39m VS Code (version 1.99.3) [13ms]
    [32m•[39m VS Code at C:\Users\from_\AppData\Local\Programs\Microsoft VS Code
    [32m•[39m Flutter extension can be installed from:
      🔨 https://marketplace.visualstudio.com/items?itemName=Dart-Code.flutter

[32m[✓][39m Connected device (4 available) [291ms]
    [32m•[39m SM S916N (mobile) • R3CW40L7YXB • android-arm64  • Android 15 (API 35)
    [32m•[39m Windows (desktop) • windows     • windows-x64    • Microsoft Windows [Version 10.0.22631.5335]
    [32m•[39m Chrome (web)      • chrome      • web-javascript • Google Chrome 136.0.7103.114
    [32m•[39m Edge (web)        • edge        • web-javascript • Microsoft Edge 136.0.3240.92

[32m[✓][39m Network resources [336ms]
    [32m•[39m All expected network resources are available.

[32m•[39m No issues found!
```
